# JRE version: OpenJDK Runtime Environment (8.0_152-b01) (build 1.8.0_152-release-1024-b01)
# Java VM: OpenJDK 64-Bit Server VM (25.152-b01 mixed mode linux-amd64 compressed oops)
Heap:
 PSYoungGen      total 170496K, used 18931K [0x00000000e0000000, 0x00000000eb900000, 0x0000000100000000)
  eden space 151552K, 0% used [0x00000000e0000000,0x00000000e0000000,0x00000000e9400000)
  from space 18944K, 99% used [0x00000000e9400000,0x00000000ea67cfa0,0x00000000ea680000)
  to   space 18432K, 0% used [0x00000000ea700000,0x00000000ea700000,0x00000000eb900000)
 ParOldGen       total 90624K, used 60242K [0x00000000a0000000, 0x00000000a5880000, 0x00000000e0000000)
  object space 90624K, 66% used [0x00000000a0000000,0x00000000a3ad49e8,0x00000000a5880000)
 Metaspace       used 75041K, capacity 77996K, committed 78168K, reserved 1118208K
  class space    used 9752K, capacity 10357K, committed 10368K, reserved 1048576K
GC Heap History (10 events):
Event: 39.219 GC heap after
Heap after GC invocations=25 (full 3):
 PSYoungGen      total 129536K, used 6513K [0x00000000e0000000, 0x00000000e8f00000, 0x0000000100000000)
  eden space 114688K, 0% used [0x00000000e0000000,0x00000000e0000000,0x00000000e7000000)
  from space 14848K, 43% used [0x00000000e8080000,0x00000000e86dc718,0x00000000e8f00000)
  to   space 15872K, 0% used [0x00000000e7000000,0x00000000e7000000,0x00000000e7f80000)
 ParOldGen       total 90624K, used 32597K [0x00000000a0000000, 0x00000000a5880000, 0x00000000e0000000)
  object space 90624K, 35% used [0x00000000a0000000,0x00000000a1fd56f8,0x00000000a5880000)
 Metaspace       used 65058K, capacity 66872K, committed 67032K, reserved 1107968K
  class space    used 8484K, capacity 8899K, committed 8960K, reserved 1048576K
}
Event: 43.203 GC heap before
{Heap before GC invocations=26 (full 3):
 PSYoungGen      total 129536K, used 121201K [0x00000000e0000000, 0x00000000e8f00000, 0x0000000100000000)
  eden space 114688K, 100% used [0x00000000e0000000,0x00000000e7000000,0x00000000e7000000)
  from space 14848K, 43% used [0x00000000e8080000,0x00000000e86dc718,0x00000000e8f00000)
  to   space 15872K, 0% used [0x00000000e7000000,0x00000000e7000000,0x00000000e7f80000)
 ParOldGen       total 90624K, used 32597K [0x00000000a0000000, 0x00000000a5880000, 0x00000000e0000000)
  object space 90624K, 35% used [0x00000000a0000000,0x00000000a1fd56f8,0x00000000a5880000)
 Metaspace       used 73691K, capacity 76544K, committed 76760K, reserved 1116160K
  class space    used 9651K, capacity 10227K, committed 10240K, reserved 1048576K
Event: 43.225 GC heap after
Heap after GC invocations=26 (full 3):
 PSYoungGen      total 130560K, used 15869K [0x00000000e0000000, 0x00000000ea680000, 0x0000000100000000)
  eden space 114688K, 0% used [0x00000000e0000000,0x00000000e0000000,0x00000000e7000000)
  from space 15872K, 99% used [0x00000000e7000000,0x00000000e7f7f430,0x00000000e7f80000)
  to   space 19968K, 0% used [0x00000000e9300000,0x00000000e9300000,0x00000000ea680000)
 ParOldGen       total 90624K, used 38046K [0x00000000a0000000, 0x00000000a5880000, 0x00000000e0000000)
  object space 90624K, 41% used [0x00000000a0000000,0x00000000a2527a18,0x00000000a5880000)
 Metaspace       used 73691K, capacity 76544K, committed 76760K, reserved 1116160K
  class space    used 9651K, capacity 10227K, committed 10240K, reserved 1048576K
}
Event: 44.074 GC heap before
{Heap before GC invocations=27 (full 3):
 PSYoungGen      total 130560K, used 130557K [0x00000000e0000000, 0x00000000ea680000, 0x0000000100000000)
  eden space 114688K, 100% used [0x00000000e0000000,0x00000000e7000000,0x00000000e7000000)
  from space 15872K, 99% used [0x00000000e7000000,0x00000000e7f7f430,0x00000000e7f80000)
  to   space 19968K, 0% used [0x00000000e9300000,0x00000000e9300000,0x00000000ea680000)
 ParOldGen       total 90624K, used 38046K [0x00000000a0000000, 0x00000000a5880000, 0x00000000e0000000)
  object space 90624K, 41% used [0x00000000a0000000,0x00000000a2527a18,0x00000000a5880000)
 Metaspace       used 74006K, capacity 76854K, committed 77144K, reserved 1116160K
  class space    used 9688K, capacity 10264K, committed 10368K, reserved 1048576K
Event: 44.106 GC heap after
Heap after GC invocations=27 (full 3):
 PSYoungGen      total 150528K, used 10426K [0x00000000e0000000, 0x00000000ead80000, 0x0000000100000000)
  eden space 130560K, 0% used [0x00000000e0000000,0x00000000e0000000,0x00000000e7f80000)
  from space 19968K, 52% used [0x00000000e9300000,0x00000000e9d2e968,0x00000000ea680000)
  to   space 19968K, 0% used [0x00000000e7f80000,0x00000000e7f80000,0x00000000e9300000)
 ParOldGen       total 90624K, used 43629K [0x00000000a0000000, 0x00000000a5880000, 0x00000000e0000000)
  object space 90624K, 48% used [0x00000000a0000000,0x00000000a2a9b6d0,0x00000000a5880000)
 Metaspace       used 74006K, capacity 76854K, committed 77144K, reserved 1116160K
  class space    used 9688K, capacity 10264K, committed 10368K, reserved 1048576K
}
Event: 44.828 GC heap before
{Heap before GC invocations=28 (full 3):
 PSYoungGen      total 150528K, used 140986K [0x00000000e0000000, 0x00000000ead80000, 0x0000000100000000)
  eden space 130560K, 100% used [0x00000000e0000000,0x00000000e7f80000,0x00000000e7f80000)
  from space 19968K, 52% used [0x00000000e9300000,0x00000000e9d2e968,0x00000000ea680000)
  to   space 19968K, 0% used [0x00000000e7f80000,0x00000000e7f80000,0x00000000e9300000)
 ParOldGen       total 90624K, used 43629K [0x00000000a0000000, 0x00000000a5880000, 0x00000000e0000000)
  object space 90624K, 48% used [0x00000000a0000000,0x00000000a2a9b6d0,0x00000000a5880000)
 Metaspace       used 74166K, capacity 77026K, committed 77144K, reserved 1116160K
  class space    used 9692K, capacity 10298K, committed 10368K, reserved 1048576K
Event: 44.847 GC heap after
Heap after GC invocations=28 (full 3):
 PSYoungGen      total 150528K, used 4225K [0x00000000e0000000, 0x00000000eba00000, 0x0000000100000000)
  eden space 130560K, 0% used [0x00000000e0000000,0x00000000e0000000,0x00000000e7f80000)
  from space 19968K, 21% used [0x00000000e7f80000,0x00000000e83a0698,0x00000000e9300000)
  to   space 19456K, 0% used [0x00000000ea700000,0x00000000ea700000,0x00000000eba00000)
 ParOldGen       total 90624K, used 51161K [0x00000000a0000000, 0x00000000a5880000, 0x00000000e0000000)
  object space 90624K, 56% used [0x00000000a0000000,0x00000000a31f6758,0x00000000a5880000)
 Metaspace       used 74166K, capacity 77026K, committed 77144K, reserved 1116160K
  class space    used 9692K, capacity 10298K, committed 10368K, reserved 1048576K
}
Event: 45.528 GC heap before
{Heap before GC invocations=29 (full 3):
 PSYoungGen      total 150528K, used 134785K [0x00000000e0000000, 0x00000000eba00000, 0x0000000100000000)
  eden space 130560K, 100% used [0x00000000e0000000,0x00000000e7f80000,0x00000000e7f80000)
  from space 19968K, 21% used [0x00000000e7f80000,0x00000000e83a0698,0x00000000e9300000)
  to   space 19456K, 0% used [0x00000000ea700000,0x00000000ea700000,0x00000000eba00000)
 ParOldGen       total 90624K, used 51161K [0x00000000a0000000, 0x00000000a5880000, 0x00000000e0000000)
  object space 90624K, 56% used [0x00000000a0000000,0x00000000a31f6758,0x00000000a5880000)
 Metaspace       used 74377K, capacity 77298K, committed 77400K, reserved 1116160K
  class space    used 9695K, capacity 10298K, committed 10368K, reserved 1048576K
Event: 45.539 GC heap after
Heap after GC invocations=29 (full 3):
 PSYoungGen      total 169984K, used 4238K [0x00000000e0000000, 0x00000000eb900000, 0x0000000100000000)
  eden space 151552K, 0% used [0x00000000e0000000,0x00000000e0000000,0x00000000e9400000)
  from space 18432K, 22% used [0x00000000ea700000,0x00000000eab23908,0x00000000eb900000)
  to   space 18944K, 0% used [0x00000000e9400000,0x00000000e9400000,0x00000000ea680000)
 ParOldGen       total 90624K, used 53217K [0x00000000a0000000, 0x00000000a5880000, 0x00000000e0000000)
  object space 90624K, 58% used [0x00000000a0000000,0x00000000a33f8788,0x00000000a5880000)
 Metaspace       used 74377K, capacity 77298K, committed 77400K, reserved 1116160K
  class space    used 9695K, capacity 10298K, committed 10368K, reserved 1048576K
}
Event: 46.870 GC heap before
{Heap before GC invocations=30 (full 3):
 PSYoungGen      total 169984K, used 155790K [0x00000000e0000000, 0x00000000eb900000, 0x0000000100000000)
  eden space 151552K, 100% used [0x00000000e0000000,0x00000000e9400000,0x00000000e9400000)
  from space 18432K, 22% used [0x00000000ea700000,0x00000000eab23908,0x00000000eb900000)
  to   space 18944K, 0% used [0x00000000e9400000,0x00000000e9400000,0x00000000ea680000)
 ParOldGen       total 90624K, used 53217K [0x00000000a0000000, 0x00000000a5880000, 0x00000000e0000000)
  object space 90624K, 58% used [0x00000000a0000000,0x00000000a33f8788,0x00000000a5880000)
 Metaspace       used 75041K, capacity 77996K, committed 78168K, reserved 1118208K
  class space    used 9752K, capacity 10357K, committed 10368K, reserved 1048576K

