# JRE version: OpenJDK Runtime Environment (8.0_152-b01) (build 1.8.0_152-release-1024-b01)
# Java VM: OpenJDK 64-Bit Server VM (25.152-b01 mixed mode linux-amd64 compressed oops)
Heap:
 PSYoungGen      total 248320K, used 12231K [0x00000000e0000000, 0x00000000f0780000, 0x0000000100000000)
  eden space 226816K, 0% used [0x00000000e0000000,0x00000000e0000000,0x00000000edd80000)
  from space 21504K, 56% used [0x00000000edd80000,0x00000000ee971c98,0x00000000ef280000)
  to   space 18432K, 0% used [0x00000000ef380000,0x00000000ef380000,0x00000000f0580000)
 ParOldGen       total 80896K, used 30044K [0x00000000a0000000, 0x00000000a4f00000, 0x00000000e0000000)
  object space 80896K, 37% used [0x00000000a0000000,0x00000000a1d57070,0x00000000a4f00000)
 Metaspace       used 70368K, capacity 73274K, committed 73432K, reserved 1112064K
  class space    used 9378K, capacity 9950K, committed 9984K, reserved 1048576K
GC Heap History (10 events):
Event: 21.220 GC heap after
Heap after GC invocations=13 (full 2):
 PSYoungGen      total 153600K, used 13811K [0x00000000e0000000, 0x00000000ed580000, 0x0000000100000000)
  eden space 139776K, 0% used [0x00000000e0000000,0x00000000e0000000,0x00000000e8880000)
  from space 13824K, 99% used [0x00000000e8880000,0x00000000e95fcff8,0x00000000e9600000)
  to   space 18944K, 0% used [0x00000000ec300000,0x00000000ec300000,0x00000000ed580000)
 ParOldGen       total 55808K, used 29520K [0x00000000a0000000, 0x00000000a3680000, 0x00000000e0000000)
  object space 55808K, 52% used [0x00000000a0000000,0x00000000a1cd4188,0x00000000a3680000)
 Metaspace       used 52646K, capacity 54200K, committed 54488K, reserved 1095680K
  class space    used 7245K, capacity 7637K, committed 7680K, reserved 1048576K
}
Event: 27.149 GC heap before
{Heap before GC invocations=14 (full 2):
 PSYoungGen      total 153600K, used 153587K [0x00000000e0000000, 0x00000000ed580000, 0x0000000100000000)
  eden space 139776K, 100% used [0x00000000e0000000,0x00000000e8880000,0x00000000e8880000)
  from space 13824K, 99% used [0x00000000e8880000,0x00000000e95fcff8,0x00000000e9600000)
  to   space 18944K, 0% used [0x00000000ec300000,0x00000000ec300000,0x00000000ed580000)
 ParOldGen       total 55808K, used 29520K [0x00000000a0000000, 0x00000000a3680000, 0x00000000e0000000)
  object space 55808K, 52% used [0x00000000a0000000,0x00000000a1cd4188,0x00000000a3680000)
 Metaspace       used 56471K, capacity 58144K, committed 58200K, reserved 1099776K
  class space    used 7649K, capacity 8047K, committed 8064K, reserved 1048576K
Event: 27.169 GC heap after
Heap after GC invocations=14 (full 2):
 PSYoungGen      total 191488K, used 3841K [0x00000000e0000000, 0x00000000ed100000, 0x0000000100000000)
  eden space 177152K, 0% used [0x00000000e0000000,0x00000000e0000000,0x00000000ead00000)
  from space 14336K, 26% used [0x00000000ec300000,0x00000000ec6c0618,0x00000000ed100000)
  to   space 18432K, 0% used [0x00000000ead00000,0x00000000ead00000,0x00000000ebf00000)
 ParOldGen       total 55808K, used 36851K [0x00000000a0000000, 0x00000000a3680000, 0x00000000e0000000)
  object space 55808K, 66% used [0x00000000a0000000,0x00000000a23fcc70,0x00000000a3680000)
 Metaspace       used 56471K, capacity 58144K, committed 58200K, reserved 1099776K
  class space    used 7649K, capacity 8047K, committed 8064K, reserved 1048576K
}
Event: 28.286 GC heap before
{Heap before GC invocations=15 (full 2):
 PSYoungGen      total 191488K, used 170175K [0x00000000e0000000, 0x00000000ed100000, 0x0000000100000000)
  eden space 177152K, 93% used [0x00000000e0000000,0x00000000ea26f648,0x00000000ead00000)
  from space 14336K, 26% used [0x00000000ec300000,0x00000000ec6c0618,0x00000000ed100000)
  to   space 18432K, 0% used [0x00000000ead00000,0x00000000ead00000,0x00000000ebf00000)
 ParOldGen       total 55808K, used 36851K [0x00000000a0000000, 0x00000000a3680000, 0x00000000e0000000)
  object space 55808K, 66% used [0x00000000a0000000,0x00000000a23fcc70,0x00000000a3680000)
 Metaspace       used 57315K, capacity 59000K, committed 59028K, reserved 1099776K
  class space    used 7777K, capacity 8183K, committed 8192K, reserved 1048576K
Event: 28.304 GC heap after
Heap after GC invocations=15 (full 2):
 PSYoungGen      total 195584K, used 1808K [0x00000000e0000000, 0x00000000f0580000, 0x0000000100000000)
  eden space 177152K, 0% used [0x00000000e0000000,0x00000000e0000000,0x00000000ead00000)
  from space 18432K, 9% used [0x00000000ead00000,0x00000000eaec4040,0x00000000ebf00000)
  to   space 18432K, 0% used [0x00000000ef380000,0x00000000ef380000,0x00000000f0580000)
 ParOldGen       total 55808K, used 36859K [0x00000000a0000000, 0x00000000a3680000, 0x00000000e0000000)
  object space 55808K, 66% used [0x00000000a0000000,0x00000000a23fec70,0x00000000a3680000)
 Metaspace       used 57315K, capacity 59000K, committed 59028K, reserved 1099776K
  class space    used 7777K, capacity 8183K, committed 8192K, reserved 1048576K
}
Event: 28.304 GC heap before
{Heap before GC invocations=16 (full 3):
 PSYoungGen      total 195584K, used 1808K [0x00000000e0000000, 0x00000000f0580000, 0x0000000100000000)
  eden space 177152K, 0% used [0x00000000e0000000,0x00000000e0000000,0x00000000ead00000)
  from space 18432K, 9% used [0x00000000ead00000,0x00000000eaec4040,0x00000000ebf00000)
  to   space 18432K, 0% used [0x00000000ef380000,0x00000000ef380000,0x00000000f0580000)
 ParOldGen       total 55808K, used 36859K [0x00000000a0000000, 0x00000000a3680000, 0x00000000e0000000)
  object space 55808K, 66% used [0x00000000a0000000,0x00000000a23fec70,0x00000000a3680000)
 Metaspace       used 57315K, capacity 59000K, committed 59028K, reserved 1099776K
  class space    used 7777K, capacity 8183K, committed 8192K, reserved 1048576K
Event: 28.572 GC heap after
Heap after GC invocations=16 (full 3):
 PSYoungGen      total 195584K, used 0K [0x00000000e0000000, 0x00000000f0580000, 0x0000000100000000)
  eden space 177152K, 0% used [0x00000000e0000000,0x00000000e0000000,0x00000000ead00000)
  from space 18432K, 0% used [0x00000000ead00000,0x00000000ead00000,0x00000000ebf00000)
  to   space 18432K, 0% used [0x00000000ef380000,0x00000000ef380000,0x00000000f0580000)
 ParOldGen       total 80896K, used 30002K [0x00000000a0000000, 0x00000000a4f00000, 0x00000000e0000000)
  object space 80896K, 37% used [0x00000000a0000000,0x00000000a1d4c9a8,0x00000000a4f00000)
 Metaspace       used 57305K, capacity 58964K, committed 59028K, reserved 1099776K
  class space    used 7773K, capacity 8177K, committed 8192K, reserved 1048576K
}
Event: 34.186 GC heap before
{Heap before GC invocations=17 (full 3):
 PSYoungGen      total 195584K, used 177152K [0x00000000e0000000, 0x00000000f0580000, 0x0000000100000000)
  eden space 177152K, 100% used [0x00000000e0000000,0x00000000ead00000,0x00000000ead00000)
  from space 18432K, 0% used [0x00000000ead00000,0x00000000ead00000,0x00000000ebf00000)
  to   space 18432K, 0% used [0x00000000ef380000,0x00000000ef380000,0x00000000f0580000)
 ParOldGen       total 80896K, used 30015K [0x00000000a0000000, 0x00000000a4f00000, 0x00000000e0000000)
  object space 80896K, 37% used [0x00000000a0000000,0x00000000a1d4ff48,0x00000000a4f00000)
 Metaspace       used 67098K, capacity 69150K, committed 69336K, reserved 1110016K
  class space    used 8955K, capacity 9428K, committed 9472K, reserved 1048576K
Event: 34.254 GC heap after
Heap after GC invocations=17 (full 3):
 PSYoungGen      total 245248K, used 17441K [0x00000000e0000000, 0x00000000f0780000, 0x0000000100000000)
  eden space 226816K, 0% used [0x00000000e0000000,0x00000000e0000000,0x00000000edd80000)
  from space 18432K, 94% used [0x00000000ef380000,0x00000000f04884d8,0x00000000f0580000)
  to   space 21504K, 0% used [0x00000000edd80000,0x00000000edd80000,0x00000000ef280000)
 ParOldGen       total 80896K, used 30031K [0x00000000a0000000, 0x00000000a4f00000, 0x00000000e0000000)
  object space 80896K, 37% used [0x00000000a0000000,0x00000000a1d53f48,0x00000000a4f00000)
 Metaspace       used 67098K, capacity 69150K, committed 69336K, reserved 1110016K
  class space    used 8955K, capacity 9428K, committed 9472K, reserved 1048576K
}
Event: 43.296 GC heap before
{Heap before GC invocations=18 (full 3):
 PSYoungGen      total 245248K, used 244257K [0x00000000e0000000, 0x00000000f0780000, 0x0000000100000000)
  eden space 226816K, 100% used [0x00000000e0000000,0x00000000edd80000,0x00000000edd80000)
  from space 18432K, 94% used [0x00000000ef380000,0x00000000f04884d8,0x00000000f0580000)
  to   space 21504K, 0% used [0x00000000edd80000,0x00000000edd80000,0x00000000ef280000)
 ParOldGen       total 80896K, used 30036K [0x00000000a0000000, 0x00000000a4f00000, 0x00000000e0000000)
  object space 80896K, 37% used [0x00000000a0000000,0x00000000a1d55070,0x00000000a4f00000)
 Metaspace       used 70368K, capacity 73274K, committed 73432K, reserved 1112064K
  class space    used 9378K, capacity 9950K, committed 9984K, reserved 1048576K

