# JRE version: OpenJDK Runtime Environment (8.0_152-b01) (build 1.8.0_152-release-1024-b01)
# Java VM: OpenJDK 64-Bit Server VM (25.152-b01 mixed mode linux-amd64 compressed oops)
Heap:
 PSYoungGen      total 192512K, used 28140K [0x00000000e0000000, 0x00000000f0680000, 0x0000000100000000)
  eden space 164352K, 0% used [0x00000000e0000000,0x00000000e0000000,0x00000000ea080000)
  from space 28160K, 99% used [0x00000000eeb00000,0x00000000f067b0e0,0x00000000f0680000)
  to   space 16896K, 0% used [0x00000000ea080000,0x00000000ea080000,0x00000000eb100000)
 ParOldGen       total 87552K, used 85254K [0x00000000a0000000, 0x00000000a5580000, 0x00000000e0000000)
  object space 87552K, 97% used [0x00000000a0000000,0x00000000a5341910,0x00000000a5580000)
 Metaspace       used 70738K, capacity 73644K, committed 73816K, reserved 1114112K
  class space    used 9384K, capacity 10003K, committed 10112K, reserved 1048576K
GC Heap History (10 events):
Event: 15.200 GC heap after
Heap after GC invocations=12 (full 2):
 PSYoungGen      total 143872K, used 11746K [0x00000000e0000000, 0x00000000eb800000, 0x0000000100000000)
  eden space 132096K, 0% used [0x00000000e0000000,0x00000000e0000000,0x00000000e8100000)
  from space 11776K, 99% used [0x00000000e8f00000,0x00000000e9a789a8,0x00000000e9a80000)
  to   space 14336K, 0% used [0x00000000e8100000,0x00000000e8100000,0x00000000e8f00000)
 ParOldGen       total 57856K, used 21260K [0x00000000a0000000, 0x00000000a3880000, 0x00000000e0000000)
  object space 57856K, 36% used [0x00000000a0000000,0x00000000a14c3030,0x00000000a3880000)
 Metaspace       used 42529K, capacity 43392K, committed 43736K, reserved 1087488K
  class space    used 5879K, capacity 6137K, committed 6144K, reserved 1048576K
}
Event: 21.513 GC heap before
{Heap before GC invocations=13 (full 2):
 PSYoungGen      total 143872K, used 143842K [0x00000000e0000000, 0x00000000eb800000, 0x0000000100000000)
  eden space 132096K, 100% used [0x00000000e0000000,0x00000000e8100000,0x00000000e8100000)
  from space 11776K, 99% used [0x00000000e8f00000,0x00000000e9a789a8,0x00000000e9a80000)
  to   space 14336K, 0% used [0x00000000e8100000,0x00000000e8100000,0x00000000e8f00000)
 ParOldGen       total 57856K, used 21260K [0x00000000a0000000, 0x00000000a3880000, 0x00000000e0000000)
  object space 57856K, 36% used [0x00000000a0000000,0x00000000a14c3030,0x00000000a3880000)
 Metaspace       used 51983K, capacity 53494K, committed 53592K, reserved 1095680K
  class space    used 7151K, capacity 7532K, committed 7552K, reserved 1048576K
Event: 21.534 GC heap after
Heap after GC invocations=13 (full 2):
 PSYoungGen      total 146432K, used 12024K [0x00000000e0000000, 0x00000000ec280000, 0x0000000100000000)
  eden space 132096K, 0% used [0x00000000e0000000,0x00000000e0000000,0x00000000e8100000)
  from space 14336K, 83% used [0x00000000e8100000,0x00000000e8cbe3d8,0x00000000e8f00000)
  to   space 15360K, 0% used [0x00000000eb380000,0x00000000eb380000,0x00000000ec280000)
 ParOldGen       total 57856K, used 29441K [0x00000000a0000000, 0x00000000a3880000, 0x00000000e0000000)
  object space 57856K, 50% used [0x00000000a0000000,0x00000000a1cc0778,0x00000000a3880000)
 Metaspace       used 51983K, capacity 53494K, committed 53592K, reserved 1095680K
  class space    used 7151K, capacity 7532K, committed 7552K, reserved 1048576K
}
Event: 32.060 GC heap before
{Heap before GC invocations=14 (full 2):
 PSYoungGen      total 146432K, used 144120K [0x00000000e0000000, 0x00000000ec280000, 0x0000000100000000)
  eden space 132096K, 100% used [0x00000000e0000000,0x00000000e8100000,0x00000000e8100000)
  from space 14336K, 83% used [0x00000000e8100000,0x00000000e8cbe3d8,0x00000000e8f00000)
  to   space 15360K, 0% used [0x00000000eb380000,0x00000000eb380000,0x00000000ec280000)
 ParOldGen       total 57856K, used 29441K [0x00000000a0000000, 0x00000000a3880000, 0x00000000e0000000)
  object space 57856K, 50% used [0x00000000a0000000,0x00000000a1cc0778,0x00000000a3880000)
 Metaspace       used 57278K, capacity 59000K, committed 59028K, reserved 1099776K
  class space    used 7772K, capacity 8179K, committed 8192K, reserved 1048576K
Event: 32.077 GC heap after
Heap after GC invocations=14 (full 2):
 PSYoungGen      total 178688K, used 13277K [0x00000000e0000000, 0x00000000ec180000, 0x0000000100000000)
  eden space 164352K, 0% used [0x00000000e0000000,0x00000000e0000000,0x00000000ea080000)
  from space 14336K, 92% used [0x00000000eb380000,0x00000000ec0775f8,0x00000000ec180000)
  to   space 16896K, 0% used [0x00000000ea080000,0x00000000ea080000,0x00000000eb100000)
 ParOldGen       total 57856K, used 29449K [0x00000000a0000000, 0x00000000a3880000, 0x00000000e0000000)
  object space 57856K, 50% used [0x00000000a0000000,0x00000000a1cc2778,0x00000000a3880000)
 Metaspace       used 57278K, capacity 59000K, committed 59028K, reserved 1099776K
  class space    used 7772K, capacity 8179K, committed 8192K, reserved 1048576K
}
Event: 32.077 GC heap before
{Heap before GC invocations=15 (full 3):
 PSYoungGen      total 178688K, used 13277K [0x00000000e0000000, 0x00000000ec180000, 0x0000000100000000)
  eden space 164352K, 0% used [0x00000000e0000000,0x00000000e0000000,0x00000000ea080000)
  from space 14336K, 92% used [0x00000000eb380000,0x00000000ec0775f8,0x00000000ec180000)
  to   space 16896K, 0% used [0x00000000ea080000,0x00000000ea080000,0x00000000eb100000)
 ParOldGen       total 57856K, used 29449K [0x00000000a0000000, 0x00000000a3880000, 0x00000000e0000000)
  object space 57856K, 50% used [0x00000000a0000000,0x00000000a1cc2778,0x00000000a3880000)
 Metaspace       used 57278K, capacity 59000K, committed 59028K, reserved 1099776K
  class space    used 7772K, capacity 8179K, committed 8192K, reserved 1048576K
Event: 32.271 GC heap after
Heap after GC invocations=15 (full 3):
 PSYoungGen      total 178688K, used 0K [0x00000000e0000000, 0x00000000ec180000, 0x0000000100000000)
  eden space 164352K, 0% used [0x00000000e0000000,0x00000000e0000000,0x00000000ea080000)
  from space 14336K, 0% used [0x00000000eb380000,0x00000000eb380000,0x00000000ec180000)
  to   space 16896K, 0% used [0x00000000ea080000,0x00000000ea080000,0x00000000eb100000)
 ParOldGen       total 87552K, used 34096K [0x00000000a0000000, 0x00000000a5580000, 0x00000000e0000000)
  object space 87552K, 38% used [0x00000000a0000000,0x00000000a214c0f8,0x00000000a5580000)
 Metaspace       used 57268K, capacity 58964K, committed 59028K, reserved 1099776K
  class space    used 7769K, capacity 8173K, committed 8192K, reserved 1048576K
}
Event: 35.882 GC heap before
{Heap before GC invocations=16 (full 3):
 PSYoungGen      total 178688K, used 164352K [0x00000000e0000000, 0x00000000ec180000, 0x0000000100000000)
  eden space 164352K, 100% used [0x00000000e0000000,0x00000000ea080000,0x00000000ea080000)
  from space 14336K, 0% used [0x00000000eb380000,0x00000000eb380000,0x00000000ec180000)
  to   space 16896K, 0% used [0x00000000ea080000,0x00000000ea080000,0x00000000eb100000)
 ParOldGen       total 87552K, used 34096K [0x00000000a0000000, 0x00000000a5580000, 0x00000000e0000000)
  object space 87552K, 38% used [0x00000000a0000000,0x00000000a214c0f8,0x00000000a5580000)
 Metaspace       used 62176K, capacity 64004K, committed 64216K, reserved 1105920K
  class space    used 8216K, capacity 8661K, committed 8704K, reserved 1048576K
Event: 35.943 GC heap after
Heap after GC invocations=16 (full 3):
 PSYoungGen      total 181248K, used 16867K [0x00000000e0000000, 0x00000000f0680000, 0x0000000100000000)
  eden space 164352K, 0% used [0x00000000e0000000,0x00000000e0000000,0x00000000ea080000)
  from space 16896K, 99% used [0x00000000ea080000,0x00000000eb0f8db8,0x00000000eb100000)
  to   space 28160K, 0% used [0x00000000eeb00000,0x00000000eeb00000,0x00000000f0680000)
 ParOldGen       total 87552K, used 58197K [0x00000000a0000000, 0x00000000a5580000, 0x00000000e0000000)
  object space 87552K, 66% used [0x00000000a0000000,0x00000000a38d5708,0x00000000a5580000)
 Metaspace       used 62176K, capacity 64004K, committed 64216K, reserved 1105920K
  class space    used 8216K, capacity 8661K, committed 8704K, reserved 1048576K
}
Event: 42.338 GC heap before
{Heap before GC invocations=17 (full 3):
 PSYoungGen      total 181248K, used 181179K [0x00000000e0000000, 0x00000000f0680000, 0x0000000100000000)
  eden space 164352K, 99% used [0x00000000e0000000,0x00000000ea0761c8,0x00000000ea080000)
  from space 16896K, 99% used [0x00000000ea080000,0x00000000eb0f8db8,0x00000000eb100000)
  to   space 28160K, 0% used [0x00000000eeb00000,0x00000000eeb00000,0x00000000f0680000)
 ParOldGen       total 87552K, used 58197K [0x00000000a0000000, 0x00000000a5580000, 0x00000000e0000000)
  object space 87552K, 66% used [0x00000000a0000000,0x00000000a38d5708,0x00000000a5580000)
 Metaspace       used 70738K, capacity 73644K, committed 73816K, reserved 1114112K
  class space    used 9384K, capacity 10003K, committed 10112K, reserved 1048576K

