# JRE version: OpenJDK Runtime Environment (8.0_152-b01) (build 1.8.0_152-release-1024-b01)
# Java VM: OpenJDK 64-Bit Server VM (25.152-b01 mixed mode linux-amd64 compressed oops)
Heap:
 PSYoungGen      total 248320K, used 31214K [0x00000000e0000000, 0x00000000f1100000, 0x0000000100000000)
  eden space 217088K, 0% used [0x00000000e0000000,0x00000000e0000000,0x00000000ed400000)
  from space 31232K, 99% used [0x00000000ed400000,0x00000000ef27bb40,0x00000000ef280000)
  to   space 29696K, 0% used [0x00000000ef400000,0x00000000ef400000,0x00000000f1100000)
 ParOldGen       total 108032K, used 62508K [0x00000000a0000000, 0x00000000a6980000, 0x00000000e0000000)
  object space 108032K, 57% used [0x00000000a0000000,0x00000000a3d0b270,0x00000000a6980000)
 Metaspace       used 78797K, capacity 83356K, committed 83416K, reserved 1122304K
  class space    used 10136K, capacity 10971K, committed 11008K, reserved 1048576K
GC Heap History (10 events):
Event: 1824.895 GC heap after
Heap after GC invocations=30 (full 4):
 PSYoungGen      total 171008K, used 5542K [0x00000000e0000000, 0x00000000ed000000, 0x0000000100000000)
  eden space 134656K, 0% used [0x00000000e0000000,0x00000000e0000000,0x00000000e8380000)
  from space 36352K, 15% used [0x00000000ea680000,0x00000000eabe9b60,0x00000000eca00000)
  to   space 35840K, 0% used [0x00000000e8380000,0x00000000e8380000,0x00000000ea680000)
 ParOldGen       total 108032K, used 46301K [0x00000000a0000000, 0x00000000a6980000, 0x00000000e0000000)
  object space 108032K, 42% used [0x00000000a0000000,0x00000000a2d37710,0x00000000a6980000)
 Metaspace       used 77997K, capacity 82408K, committed 82648K, reserved 1120256K
  class space    used 10102K, capacity 10911K, committed 11008K, reserved 1048576K
}
Event: 1825.162 GC heap before
{Heap before GC invocations=31 (full 4):
 PSYoungGen      total 171008K, used 140074K [0x00000000e0000000, 0x00000000ed000000, 0x0000000100000000)
  eden space 134656K, 99% used [0x00000000e0000000,0x00000000e8360ec8,0x00000000e8380000)
  from space 36352K, 15% used [0x00000000ea680000,0x00000000eabe9b60,0x00000000eca00000)
  to   space 35840K, 0% used [0x00000000e8380000,0x00000000e8380000,0x00000000ea680000)
 ParOldGen       total 108032K, used 46301K [0x00000000a0000000, 0x00000000a6980000, 0x00000000e0000000)
  object space 108032K, 42% used [0x00000000a0000000,0x00000000a2d37710,0x00000000a6980000)
 Metaspace       used 78020K, capacity 82484K, committed 82648K, reserved 1120256K
  class space    used 10103K, capacity 10913K, committed 11008K, reserved 1048576K
Event: 1825.178 GC heap after
Heap after GC invocations=31 (full 4):
 PSYoungGen      total 170496K, used 19592K [0x00000000e0000000, 0x00000000ee900000, 0x0000000100000000)
  eden space 134656K, 0% used [0x00000000e0000000,0x00000000e0000000,0x00000000e8380000)
  from space 35840K, 54% used [0x00000000e8380000,0x00000000e96a20b0,0x00000000ea680000)
  to   space 35840K, 0% used [0x00000000ec600000,0x00000000ec600000,0x00000000ee900000)
 ParOldGen       total 108032K, used 46309K [0x00000000a0000000, 0x00000000a6980000, 0x00000000e0000000)
  object space 108032K, 42% used [0x00000000a0000000,0x00000000a2d39710,0x00000000a6980000)
 Metaspace       used 78020K, capacity 82484K, committed 82648K, reserved 1120256K
  class space    used 10103K, capacity 10913K, committed 11008K, reserved 1048576K
}
Event: 1825.195 GC heap before
{Heap before GC invocations=32 (full 4):
 PSYoungGen      total 170496K, used 153998K [0x00000000e0000000, 0x00000000ee900000, 0x0000000100000000)
  eden space 134656K, 99% used [0x00000000e0000000,0x00000000e8341a10,0x00000000e8380000)
  from space 35840K, 54% used [0x00000000e8380000,0x00000000e96a20b0,0x00000000ea680000)
  to   space 35840K, 0% used [0x00000000ec600000,0x00000000ec600000,0x00000000ee900000)
 ParOldGen       total 108032K, used 46309K [0x00000000a0000000, 0x00000000a6980000, 0x00000000e0000000)
  object space 108032K, 42% used [0x00000000a0000000,0x00000000a2d39710,0x00000000a6980000)
 Metaspace       used 78021K, capacity 82484K, committed 82648K, reserved 1120256K
  class space    used 10103K, capacity 10913K, committed 11008K, reserved 1048576K
Event: 1825.207 GC heap after
Heap after GC invocations=32 (full 4):
 PSYoungGen      total 204288K, used 15753K [0x00000000e0000000, 0x00000000eec80000, 0x0000000100000000)
  eden space 168448K, 0% used [0x00000000e0000000,0x00000000e0000000,0x00000000ea480000)
  from space 35840K, 43% used [0x00000000ec600000,0x00000000ed5627d8,0x00000000ee900000)
  to   space 34304K, 0% used [0x00000000ea480000,0x00000000ea480000,0x00000000ec600000)
 ParOldGen       total 108032K, used 46317K [0x00000000a0000000, 0x00000000a6980000, 0x00000000e0000000)
  object space 108032K, 42% used [0x00000000a0000000,0x00000000a2d3b710,0x00000000a6980000)
 Metaspace       used 78021K, capacity 82484K, committed 82648K, reserved 1120256K
  class space    used 10103K, capacity 10913K, committed 11008K, reserved 1048576K
}
Event: 1825.242 GC heap before
{Heap before GC invocations=33 (full 4):
 PSYoungGen      total 204288K, used 184027K [0x00000000e0000000, 0x00000000eec80000, 0x0000000100000000)
  eden space 168448K, 99% used [0x00000000e0000000,0x00000000ea4546b0,0x00000000ea480000)
  from space 35840K, 43% used [0x00000000ec600000,0x00000000ed5627d8,0x00000000ee900000)
  to   space 34304K, 0% used [0x00000000ea480000,0x00000000ea480000,0x00000000ec600000)
 ParOldGen       total 108032K, used 46317K [0x00000000a0000000, 0x00000000a6980000, 0x00000000e0000000)
  object space 108032K, 42% used [0x00000000a0000000,0x00000000a2d3b710,0x00000000a6980000)
 Metaspace       used 78025K, capacity 82484K, committed 82648K, reserved 1120256K
  class space    used 10103K, capacity 10913K, committed 11008K, reserved 1048576K
Event: 1825.261 GC heap after
Heap after GC invocations=33 (full 4):
 PSYoungGen      total 202752K, used 13533K [0x00000000e0000000, 0x00000000f1380000, 0x0000000100000000)
  eden space 168448K, 0% used [0x00000000e0000000,0x00000000e0000000,0x00000000ea480000)
  from space 34304K, 39% used [0x00000000ea480000,0x00000000eb1b7560,0x00000000ec600000)
  to   space 32256K, 0% used [0x00000000ef400000,0x00000000ef400000,0x00000000f1380000)
 ParOldGen       total 108032K, used 46325K [0x00000000a0000000, 0x00000000a6980000, 0x00000000e0000000)
  object space 108032K, 42% used [0x00000000a0000000,0x00000000a2d3d710,0x00000000a6980000)
 Metaspace       used 78025K, capacity 82484K, committed 82648K, reserved 1120256K
  class space    used 10103K, capacity 10913K, committed 11008K, reserved 1048576K
}
Event: 2008.528 GC heap before
{Heap before GC invocations=34 (full 4):
 PSYoungGen      total 202752K, used 181981K [0x00000000e0000000, 0x00000000f1380000, 0x0000000100000000)
  eden space 168448K, 100% used [0x00000000e0000000,0x00000000ea480000,0x00000000ea480000)
  from space 34304K, 39% used [0x00000000ea480000,0x00000000eb1b7560,0x00000000ec600000)
  to   space 32256K, 0% used [0x00000000ef400000,0x00000000ef400000,0x00000000f1380000)
 ParOldGen       total 108032K, used 46325K [0x00000000a0000000, 0x00000000a6980000, 0x00000000e0000000)
  object space 108032K, 42% used [0x00000000a0000000,0x00000000a2d3d710,0x00000000a6980000)
 Metaspace       used 78200K, capacity 82660K, committed 82904K, reserved 1122304K
  class space    used 10113K, capacity 10931K, committed 11008K, reserved 1048576K
Event: 2008.601 GC heap after
Heap after GC invocations=34 (full 4):
 PSYoungGen      total 246784K, used 11300K [0x00000000e0000000, 0x00000000f1100000, 0x0000000100000000)
  eden space 217088K, 0% used [0x00000000e0000000,0x00000000e0000000,0x00000000ed400000)
  from space 29696K, 38% used [0x00000000ef400000,0x00000000eff09058,0x00000000f1100000)
  to   space 31232K, 0% used [0x00000000ed400000,0x00000000ed400000,0x00000000ef280000)
 ParOldGen       total 108032K, used 50222K [0x00000000a0000000, 0x00000000a6980000, 0x00000000e0000000)
  object space 108032K, 46% used [0x00000000a0000000,0x00000000a310b930,0x00000000a6980000)
 Metaspace       used 78200K, capacity 82660K, committed 82904K, reserved 1122304K
  class space    used 10113K, capacity 10931K, committed 11008K, reserved 1048576K
}
Event: 2011.458 GC heap before
{Heap before GC invocations=35 (full 4):
 PSYoungGen      total 246784K, used 228388K [0x00000000e0000000, 0x00000000f1100000, 0x0000000100000000)
  eden space 217088K, 100% used [0x00000000e0000000,0x00000000ed400000,0x00000000ed400000)
  from space 29696K, 38% used [0x00000000ef400000,0x00000000eff09058,0x00000000f1100000)
  to   space 31232K, 0% used [0x00000000ed400000,0x00000000ed400000,0x00000000ef280000)
 ParOldGen       total 108032K, used 50222K [0x00000000a0000000, 0x00000000a6980000, 0x00000000e0000000)
  object space 108032K, 46% used [0x00000000a0000000,0x00000000a310b930,0x00000000a6980000)
 Metaspace       used 78797K, capacity 83356K, committed 83416K, reserved 1122304K
  class space    used 10136K, capacity 10971K, committed 11008K, reserved 1048576K

