# JRE version: OpenJDK Runtime Environment (8.0_152-b01) (build 1.8.0_152-release-1024-b01)
# Java VM: OpenJDK 64-Bit Server VM (25.152-b01 mixed mode linux-amd64 compressed oops)
Heap:
 PSYoungGen      total 176128K, used 17905K [0x00000000e0000000, 0x00000000ebd80000, 0x0000000100000000)
  eden space 158208K, 0% used [0x00000000e0000000,0x00000000e0000000,0x00000000e9a80000)
  from space 17920K, 99% used [0x00000000e9a80000,0x00000000eabfc790,0x00000000eac00000)
  to   space 15872K, 0% used [0x00000000ead80000,0x00000000ead80000,0x00000000ebd00000)
 ParOldGen       total 92672K, used 41087K [0x00000000a0000000, 0x00000000a5a80000, 0x00000000e0000000)
  object space 92672K, 44% used [0x00000000a0000000,0x00000000a281fc88,0x00000000a5a80000)
 Metaspace       used 68987K, capacity 71816K, committed 72024K, reserved 1112064K
  class space    used 9244K, capacity 9831K, committed 9856K, reserved 1048576K
GC Heap History (10 events):
Event: 11.884 GC heap after
Heap after GC invocations=11 (full 2):
 PSYoungGen      total 131584K, used 0K [0x00000000e0000000, 0x00000000e9800000, 0x0000000100000000)
  eden space 122880K, 0% used [0x00000000e0000000,0x00000000e0000000,0x00000000e7800000)
  from space 8704K, 0% used [0x00000000e7800000,0x00000000e7800000,0x00000000e8080000)
  to   space 11776K, 0% used [0x00000000e8c80000,0x00000000e8c80000,0x00000000e9800000)
 ParOldGen       total 59392K, used 19338K [0x00000000a0000000, 0x00000000a3a00000, 0x00000000e0000000)
  object space 59392K, 32% used [0x00000000a0000000,0x00000000a12e2ad0,0x00000000a3a00000)
 Metaspace       used 34700K, capacity 35264K, committed 35416K, reserved 1079296K
  class space    used 4779K, capacity 4970K, committed 4992K, reserved 1048576K
}
Event: 15.432 GC heap before
{Heap before GC invocations=12 (full 2):
 PSYoungGen      total 131584K, used 122880K [0x00000000e0000000, 0x00000000e9800000, 0x0000000100000000)
  eden space 122880K, 100% used [0x00000000e0000000,0x00000000e7800000,0x00000000e7800000)
  from space 8704K, 0% used [0x00000000e7800000,0x00000000e7800000,0x00000000e8080000)
  to   space 11776K, 0% used [0x00000000e8c80000,0x00000000e8c80000,0x00000000e9800000)
 ParOldGen       total 59392K, used 19338K [0x00000000a0000000, 0x00000000a3a00000, 0x00000000e0000000)
  object space 59392K, 32% used [0x00000000a0000000,0x00000000a12e2ad0,0x00000000a3a00000)
 Metaspace       used 42324K, capacity 43200K, committed 43480K, reserved 1087488K
  class space    used 5851K, capacity 6137K, committed 6144K, reserved 1048576K
Event: 15.457 GC heap after
Heap after GC invocations=12 (full 2):
 PSYoungGen      total 141824K, used 11748K [0x00000000e0000000, 0x00000000eb300000, 0x0000000100000000)
  eden space 130048K, 0% used [0x00000000e0000000,0x00000000e0000000,0x00000000e7f00000)
  from space 11776K, 99% used [0x00000000e8c80000,0x00000000e97f9238,0x00000000e9800000)
  to   space 13824K, 0% used [0x00000000e7f00000,0x00000000e7f00000,0x00000000e8c80000)
 ParOldGen       total 59392K, used 20875K [0x00000000a0000000, 0x00000000a3a00000, 0x00000000e0000000)
  object space 59392K, 35% used [0x00000000a0000000,0x00000000a1462c70,0x00000000a3a00000)
 Metaspace       used 42324K, capacity 43200K, committed 43480K, reserved 1087488K
  class space    used 5851K, capacity 6137K, committed 6144K, reserved 1048576K
}
Event: 21.996 GC heap before
{Heap before GC invocations=13 (full 2):
 PSYoungGen      total 141824K, used 141796K [0x00000000e0000000, 0x00000000eb300000, 0x0000000100000000)
  eden space 130048K, 100% used [0x00000000e0000000,0x00000000e7f00000,0x00000000e7f00000)
  from space 11776K, 99% used [0x00000000e8c80000,0x00000000e97f9238,0x00000000e9800000)
  to   space 13824K, 0% used [0x00000000e7f00000,0x00000000e7f00000,0x00000000e8c80000)
 ParOldGen       total 59392K, used 20875K [0x00000000a0000000, 0x00000000a3a00000, 0x00000000e0000000)
  object space 59392K, 35% used [0x00000000a0000000,0x00000000a1462c70,0x00000000a3a00000)
 Metaspace       used 52326K, capacity 53904K, committed 54232K, reserved 1095680K
  class space    used 7194K, capacity 7563K, committed 7680K, reserved 1048576K
Event: 22.018 GC heap after
Heap after GC invocations=13 (full 2):
 PSYoungGen      total 143872K, used 12868K [0x00000000e0000000, 0x00000000ebd00000, 0x0000000100000000)
  eden space 130048K, 0% used [0x00000000e0000000,0x00000000e0000000,0x00000000e7f00000)
  from space 13824K, 93% used [0x00000000e7f00000,0x00000000e8b912b8,0x00000000e8c80000)
  to   space 15872K, 0% used [0x00000000ead80000,0x00000000ead80000,0x00000000ebd00000)
 ParOldGen       total 59392K, used 28961K [0x00000000a0000000, 0x00000000a3a00000, 0x00000000e0000000)
  object space 59392K, 48% used [0x00000000a0000000,0x00000000a1c485f8,0x00000000a3a00000)
 Metaspace       used 52326K, capacity 53904K, committed 54232K, reserved 1095680K
  class space    used 7194K, capacity 7563K, committed 7680K, reserved 1048576K
}
Event: 30.736 GC heap before
{Heap before GC invocations=14 (full 2):
 PSYoungGen      total 143872K, used 142916K [0x00000000e0000000, 0x00000000ebd00000, 0x0000000100000000)
  eden space 130048K, 100% used [0x00000000e0000000,0x00000000e7f00000,0x00000000e7f00000)
  from space 13824K, 93% used [0x00000000e7f00000,0x00000000e8b912b8,0x00000000e8c80000)
  to   space 15872K, 0% used [0x00000000ead80000,0x00000000ead80000,0x00000000ebd00000)
 ParOldGen       total 59392K, used 28961K [0x00000000a0000000, 0x00000000a3a00000, 0x00000000e0000000)
  object space 59392K, 48% used [0x00000000a0000000,0x00000000a1c485f8,0x00000000a3a00000)
 Metaspace       used 57211K, capacity 58922K, committed 59028K, reserved 1099776K
  class space    used 7761K, capacity 8178K, committed 8192K, reserved 1048576K
Event: 30.755 GC heap after
Heap after GC invocations=14 (full 2):
 PSYoungGen      total 174080K, used 15754K [0x00000000e0000000, 0x00000000ebd80000, 0x0000000100000000)
  eden space 158208K, 0% used [0x00000000e0000000,0x00000000e0000000,0x00000000e9a80000)
  from space 15872K, 99% used [0x00000000ead80000,0x00000000ebce2a48,0x00000000ebd00000)
  to   space 17920K, 0% used [0x00000000e9a80000,0x00000000e9a80000,0x00000000eac00000)
 ParOldGen       total 59392K, used 28969K [0x00000000a0000000, 0x00000000a3a00000, 0x00000000e0000000)
  object space 59392K, 48% used [0x00000000a0000000,0x00000000a1c4a5f8,0x00000000a3a00000)
 Metaspace       used 57211K, capacity 58922K, committed 59028K, reserved 1099776K
  class space    used 7761K, capacity 8178K, committed 8192K, reserved 1048576K
}
Event: 30.755 GC heap before
{Heap before GC invocations=15 (full 3):
 PSYoungGen      total 174080K, used 15754K [0x00000000e0000000, 0x00000000ebd80000, 0x0000000100000000)
  eden space 158208K, 0% used [0x00000000e0000000,0x00000000e0000000,0x00000000e9a80000)
  from space 15872K, 99% used [0x00000000ead80000,0x00000000ebce2a48,0x00000000ebd00000)
  to   space 17920K, 0% used [0x00000000e9a80000,0x00000000e9a80000,0x00000000eac00000)
 ParOldGen       total 59392K, used 28969K [0x00000000a0000000, 0x00000000a3a00000, 0x00000000e0000000)
  object space 59392K, 48% used [0x00000000a0000000,0x00000000a1c4a5f8,0x00000000a3a00000)
 Metaspace       used 57211K, capacity 58922K, committed 59028K, reserved 1099776K
  class space    used 7761K, capacity 8178K, committed 8192K, reserved 1048576K
Event: 30.979 GC heap after
Heap after GC invocations=15 (full 3):
 PSYoungGen      total 174080K, used 0K [0x00000000e0000000, 0x00000000ebd80000, 0x0000000100000000)
  eden space 158208K, 0% used [0x00000000e0000000,0x00000000e0000000,0x00000000e9a80000)
  from space 15872K, 0% used [0x00000000ead80000,0x00000000ead80000,0x00000000ebd00000)
  to   space 17920K, 0% used [0x00000000e9a80000,0x00000000e9a80000,0x00000000eac00000)
 ParOldGen       total 92672K, used 36451K [0x00000000a0000000, 0x00000000a5a80000, 0x00000000e0000000)
  object space 92672K, 39% used [0x00000000a0000000,0x00000000a2398fd8,0x00000000a5a80000)
 Metaspace       used 57206K, capacity 58904K, committed 59028K, reserved 1099776K
  class space    used 7759K, capacity 8175K, committed 8192K, reserved 1048576K
}
Event: 39.835 GC heap before
{Heap before GC invocations=16 (full 3):
 PSYoungGen      total 174080K, used 155499K [0x00000000e0000000, 0x00000000ebd80000, 0x0000000100000000)
  eden space 158208K, 98% used [0x00000000e0000000,0x00000000e97dae68,0x00000000e9a80000)
  from space 15872K, 0% used [0x00000000ead80000,0x00000000ead80000,0x00000000ebd00000)
  to   space 17920K, 0% used [0x00000000e9a80000,0x00000000e9a80000,0x00000000eac00000)
 ParOldGen       total 92672K, used 36451K [0x00000000a0000000, 0x00000000a5a80000, 0x00000000e0000000)
  object space 92672K, 39% used [0x00000000a0000000,0x00000000a2398fd8,0x00000000a5a80000)
 Metaspace       used 68987K, capacity 71816K, committed 72024K, reserved 1112064K
  class space    used 9244K, capacity 9831K, committed 9856K, reserved 1048576K

